TN:
SF:src/app.ts
FNF:0
FNH:0
DA:9,1
DA:11,1
DA:12,1
DA:13,1
DA:15,1
DA:16,1
DA:17,1
LF:7
LH:7
BRF:0
BRH:0
end_of_record
TN:
SF:src/database.ts
FNF:0
FNH:0
DA:3,2
DA:4,2
LF:2
LH:2
BRF:0
BRH:0
end_of_record
TN:
SF:src/controllers/e2eController.ts
FN:5,reset
FNF:1
FNH:0
FNDA:0,reset
DA:7,0
DA:8,0
DA:11,1
LF:3
LH:1
BRF:0
BRH:0
end_of_record
TN:
SF:src/controllers/recommendationController.ts
FN:6,insert
FN:17,upvote
FN:25,downvote
FN:33,random
FN:39,get
FN:44,getTop
FN:51,getById
FNF:7
FNH:7
FNDA:3,insert
FNDA:1,upvote
FNDA:1,downvote
FNDA:100,random
FNDA:1,get
FNDA:1,getTop
FNDA:1,getById
DA:7,3
DA:8,3
DA:9,0
DA:12,3
DA:14,3
DA:18,1
DA:20,1
DA:22,0
DA:26,1
DA:28,1
DA:30,0
DA:34,100
DA:36,100
DA:40,1
DA:41,1
DA:45,1
DA:47,1
DA:48,1
DA:52,1
DA:54,1
DA:55,1
DA:58,1
LF:22
LH:19
BRDA:8,0,0,0
BRF:1
BRH:0
end_of_record
TN:
SF:src/middlewares/errorHandlerMiddleware.ts
FN:8,errorHandlerMiddleware
FNF:1
FNH:1
FNDA:2,errorHandlerMiddleware
DA:14,2
DA:16,2
DA:17,2
DA:20,0
LF:4
LH:3
BRDA:16,0,0,2
BRF:1
BRH:1
end_of_record
TN:
SF:src/repositories/recommendationRepository.ts
FN:5,create
FN:16,findAll
FN:26,getAmountByScore
FN:33,getFindAllFilter
FN:45,find
FN:51,findByName
FN:57,updateScore
FN:66,remove
FN:72,truncate
FNF:9
FNH:7
FNDA:3,create
FNDA:101,findAll
FNDA:1,getAmountByScore
FNDA:101,getFindAllFilter
FNDA:3,find
FNDA:3,findByName
FNDA:0,updateScore
FNDA:0,remove
FNDA:1,truncate
DA:6,3
DA:17,101
DA:19,101
DA:27,1
DA:36,101
DA:38,100
DA:40,100
DA:46,3
DA:52,3
DA:58,0
DA:67,0
DA:74,1
DA:77,2
LF:13
LH:11
BRDA:36,0,0,1
BRF:1
BRH:1
end_of_record
TN:
SF:src/routers/e2eRouter.ts
FNF:0
FNH:0
DA:4,1
DA:6,1
LF:2
LH:2
BRF:0
BRH:0
end_of_record
TN:
SF:src/routers/recommendationRouter.ts
FNF:0
FNH:0
DA:4,1
DA:6,1
DA:7,1
DA:8,1
DA:9,1
DA:10,1
DA:11,1
DA:12,1
LF:8
LH:8
BRF:0
BRH:0
end_of_record
TN:
SF:src/schemas/recommendationsSchemas.ts
FNF:0
FNH:0
DA:4,1
DA:6,1
LF:2
LH:2
BRF:0
BRH:0
end_of_record
TN:
SF:src/services/recommendationsService.ts
FN:7,insert
FN:17,upvote
FN:23,downvote
FN:36,getByIdOrFail
FN:43,get
FN:47,getTop
FN:51,getRandom
FN:64,getByScore
FN:77,getScoreFilter
FN:85,truncate
FNF:10
FNH:10
FNDA:4,insert
FNDA:1,upvote
FNDA:2,downvote
FNDA:5,getByIdOrFail
FNDA:1,get
FNDA:1,getTop
FNDA:101,getRandom
FNDA:101,getByScore
FNDA:101,getScoreFilter
FNDA:1,truncate
DA:8,4
DA:11,4
DA:12,1
DA:14,3
DA:18,1
DA:20,0
DA:24,2
DA:26,1
DA:31,1
DA:32,1
DA:37,5
DA:38,5
DA:40,2
DA:44,1
DA:48,1
DA:52,101
DA:53,101
DA:55,101
DA:56,101
DA:57,1
DA:60,100
DA:61,100
DA:65,101
DA:70,101
DA:71,100
DA:74,1
DA:78,101
DA:79,68
DA:82,33
DA:87,1
DA:90,2
LF:31
LH:30
BRDA:11,0,0,1
BRDA:31,1,0,1
BRDA:38,2,0,3
BRDA:56,3,0,1
BRDA:70,4,0,100
BRDA:78,5,0,68
BRF:6
BRH:6
end_of_record
TN:
SF:src/utils/errorUtils.ts
FN:7,isAppError
FN:11,errorTypeToStatusCode
FN:19,conflictError
FN:23,notFoundError
FN:27,unauthorizedError
FN:31,wrongSchemaError
FNF:6
FNH:4
FNDA:2,isAppError
FNDA:2,errorTypeToStatusCode
FNDA:1,conflictError
FNDA:4,notFoundError
FNDA:0,unauthorizedError
FNDA:0,wrongSchemaError
DA:8,2
DA:12,2
DA:13,2
DA:14,0
DA:15,0
DA:16,0
DA:20,1
DA:24,4
DA:28,0
DA:32,0
LF:10
LH:5
BRDA:12,0,0,0
BRDA:13,1,0,2
BRDA:14,2,0,0
BRDA:15,3,0,0
BRDA:20,4,0,1
BRDA:20,4,1,0
BRDA:20,5,0,1
BRDA:20,5,1,1
BRDA:24,6,0,0
BRDA:24,6,1,4
BRDA:24,7,0,4
BRDA:24,7,1,4
BRDA:28,8,0,0
BRDA:28,8,1,0
BRDA:28,9,0,0
BRDA:28,9,1,0
BRDA:32,10,0,0
BRDA:32,10,1,0
BRDA:32,11,0,0
BRDA:32,11,1,0
BRF:20
BRH:7
end_of_record
TN:
SF:tests/factory/bodysFactory.ts
FN:4,recommendation
FNF:1
FNH:1
FNDA:61,recommendation
DA:5,61
DA:10,61
LF:2
LH:2
BRF:0
BRH:0
end_of_record
TN:
SF:tests/factory/recommendationFactory.ts
FN:5,createRecommendation
FN:12,createRecommendations
FNF:2
FNH:2
FNDA:1,createRecommendation
FNDA:3,createRecommendations
DA:6,1
DA:8,1
DA:13,3
DA:14,3
DA:15,60
DA:16,60
DA:19,3
LF:7
LH:7
BRF:0
BRH:0
end_of_record
